Execution starts at 2024-9-11  15:43:37
CWD: /home/qc/Chiplet_Heterogeneous_newVersion/benchmark/matmul_changed/proc_r2_p1_t9
Exec:  /home/qc/Chiplet_Heterogeneous_newVersion/snipersim/run-sniper -- /home/qc/Chiplet_Heterogeneous_newVersion/benchmark/matmul_changed/bin/matmul_c 3 3
[SNIPER] Start
[SNIPER] --------------------------------------------------------------------------------
[SNIPER] Sniper using SIFT/trace-driven frontend
[SNIPER] Running full application in DETAILED mode
[SNIPER] --------------------------------------------------------------------------------
[SNIPER] Enabling performance models
[INTERCMD] CYCLE 0
[SNIPER] Setting instrumentation mode to DETAILED
Enter Sniper sendMessage
[INTERCMD] SEND 3 3 0 0
[RESPONSE][INTERCMD] RESULT 1 .././buffer3_3_0_0
Open pipe file .././buffer3_3_0_0.
Write 80000 B to .././buffer3_3_0_0.
[INTERCMD] WRITE 3835695 3 3 0 0 80000 0
[RESPONSE][INTERCMD] SYNC 3836945
Enter Sniper sendMessage
[INTERCMD] SEND 3 3 0 0
[RESPONSE][INTERCMD] RESULT 1 .././buffer3_3_0_0
Write 80000 B to .././buffer3_3_0_0.
[INTERCMD] WRITE 3837406 3 3 0 0 80000 0
[RESPONSE][INTERCMD] SYNC 3838656
Enter Sniper sendMessage
[INTERCMD] SEND 3 3 0 1
[RESPONSE][INTERCMD] RESULT 1 .././buffer3_3_0_1
Open pipe file .././buffer3_3_0_1.
Write 80000 B to .././buffer3_3_0_1.
[INTERCMD] WRITE 3838938 3 3 0 1 80000 0
[RESPONSE][INTERCMD] SYNC 3840188
Enter Sniper sendMessage
[INTERCMD] SEND 3 3 0 1
[RESPONSE][INTERCMD] RESULT 1 .././buffer3_3_0_1
Write 80000 B to .././buffer3_3_0_1.
[INTERCMD] WRITE 3840266 3 3 0 1 80000 0
[RESPONSE][INTERCMD] SYNC 3841516
Enter Sniper sendMessage
[INTERCMD] SEND 3 3 0 2
[RESPONSE][INTERCMD] RESULT 1 .././buffer3_3_0_2
Open pipe file .././buffer3_3_0_2.
Write 80000 B to .././buffer3_3_0_2.
[INTERCMD] WRITE 3841599 3 3 0 2 80000 0
[RESPONSE][INTERCMD] SYNC 3842849
Enter Sniper sendMessage
[INTERCMD] SEND 3 3 0 2
[RESPONSE][INTERCMD] RESULT 1 .././buffer3_3_0_2
Write 80000 B to .././buffer3_3_0_2.
[INTERCMD] WRITE 3842926 3 3 0 2 80000 0
[RESPONSE][INTERCMD] SYNC 3844176
Enter Sniper sendMessage
[INTERCMD] SEND 3 3 1 0
[RESPONSE][INTERCMD] RESULT 1 .././buffer3_3_1_0
Open pipe file .././buffer3_3_1_0.
Write 80000 B to .././buffer3_3_1_0.
[INTERCMD] WRITE 3844279 3 3 1 0 80000 0
[RESPONSE][INTERCMD] SYNC 3845529
Enter Sniper sendMessage
[INTERCMD] SEND 3 3 1 0
[RESPONSE][INTERCMD] RESULT 1 .././buffer3_3_1_0
Write 80000 B to .././buffer3_3_1_0.
[INTERCMD] WRITE 3845587 3 3 1 0 80000 0
[RESPONSE][INTERCMD] SYNC 3846837
Enter Sniper sendMessage
[INTERCMD] SEND 3 3 1 1
[RESPONSE][INTERCMD] RESULT 1 .././buffer3_3_1_1
Open pipe file .././buffer3_3_1_1.
Write 80000 B to .././buffer3_3_1_1.
[INTERCMD] WRITE 3846918 3 3 1 1 80000 0
[RESPONSE][INTERCMD] SYNC 3848168
Enter Sniper sendMessage
[INTERCMD] SEND 3 3 1 1
[RESPONSE][INTERCMD] RESULT 1 .././buffer3_3_1_1
Write 80000 B to .././buffer3_3_1_1.
[INTERCMD] WRITE 3848247 3 3 1 1 80000 0
[RESPONSE][INTERCMD] SYNC 3849497
Enter Sniper sendMessage
[INTERCMD] SEND 3 3 1 2
[RESPONSE][INTERCMD] RESULT 1 .././buffer3_3_1_2
Open pipe file .././buffer3_3_1_2.
Write 80000 B to .././buffer3_3_1_2.
[INTERCMD] WRITE 3849578 3 3 1 2 80000 0
[RESPONSE][INTERCMD] SYNC 3850828
Enter Sniper sendMessage
[INTERCMD] SEND 3 3 1 2
[RESPONSE][INTERCMD] RESULT 1 .././buffer3_3_1_2
Write 80000 B to .././buffer3_3_1_2.
[INTERCMD] WRITE 3850906 3 3 1 2 80000 0
[RESPONSE][INTERCMD] SYNC 3852156
Enter Sniper sendMessage
[INTERCMD] SEND 3 3 2 0
[RESPONSE][INTERCMD] RESULT 1 .././buffer3_3_2_0
Open pipe file .././buffer3_3_2_0.
Write 80000 B to .././buffer3_3_2_0.
[INTERCMD] WRITE 3852242 3 3 2 0 80000 0
[RESPONSE][INTERCMD] SYNC 3853492
Enter Sniper sendMessage
[INTERCMD] SEND 3 3 2 0
[RESPONSE][INTERCMD] RESULT 1 .././buffer3_3_2_0
Write 80000 B to .././buffer3_3_2_0.
[INTERCMD] WRITE 3853566 3 3 2 0 80000 0
[RESPONSE][INTERCMD] SYNC 3854816
Enter Sniper sendMessage
[INTERCMD] SEND 3 3 2 1
[RESPONSE][INTERCMD] RESULT 1 .././buffer3_3_2_1
Open pipe file .././buffer3_3_2_1.
Write 80000 B to .././buffer3_3_2_1.
[INTERCMD] WRITE 3854898 3 3 2 1 80000 0
[RESPONSE][INTERCMD] SYNC 3856148
Enter Sniper sendMessage
[INTERCMD] SEND 3 3 2 1
[RESPONSE][INTERCMD] RESULT 1 .././buffer3_3_2_1
Write 80000 B to .././buffer3_3_2_1.
[INTERCMD] WRITE 3856227 3 3 2 1 80000 0
[RESPONSE][INTERCMD] SYNC 3857477
Enter Sniper sendMessage
[INTERCMD] SEND 3 3 2 2
[RESPONSE][INTERCMD] RESULT 1 .././buffer3_3_2_2
Open pipe file .././buffer3_3_2_2.
Write 80000 B to .././buffer3_3_2_2.
[INTERCMD] WRITE 3857558 3 3 2 2 80000 0
[RESPONSE][INTERCMD] SYNC 3858808
Enter Sniper sendMessage
[INTERCMD] SEND 3 3 2 2
[RESPONSE][INTERCMD] RESULT 1 .././buffer3_3_2_2
Write 80000 B to .././buffer3_3_2_2.
[INTERCMD] WRITE 3858887 3 3 2 2 80000 0
[RESPONSE][INTERCMD] SYNC 3860137
Enter Sniper receiveMessage
[INTERCMD] RECEIVE 0 0 3 3
[RESPONSE][INTERCMD] RESULT 1 .././buffer0_0_3_3
Open pipe file .././buffer0_0_3_3.
Read 80000 B from .././buffer0_0_3_3.
[INTERCMD] READ 3860605 0 0 3 3 80000 0
[RESPONSE][INTERCMD] SYNC 3863078
Enter Sniper receiveMessage
[INTERCMD] RECEIVE 0 1 3 3
[RESPONSE][INTERCMD] RESULT 1 .././buffer0_1_3_3
Open pipe file .././buffer0_1_3_3.
Read 80000 B from .././buffer0_1_3_3.
[INTERCMD] READ 3863146 0 1 3 3 80000 0
[RESPONSE][INTERCMD] SYNC 3865928
Enter Sniper receiveMessage
[INTERCMD] RECEIVE 0 2 3 3
[RESPONSE][INTERCMD] RESULT 1 .././buffer0_2_3_3
Open pipe file .././buffer0_2_3_3.
Read 80000 B from .././buffer0_2_3_3.
[INTERCMD] READ 3866072 0 2 3 3 80000 0
[RESPONSE][INTERCMD] SYNC 3868578
Enter Sniper receiveMessage
[INTERCMD] RECEIVE 1 0 3 3
[RESPONSE][INTERCMD] RESULT 1 .././buffer1_0_3_3
Open pipe file .././buffer1_0_3_3.
Read 80000 B from .././buffer1_0_3_3.
[INTERCMD] READ 3868751 1 0 3 3 80000 0
[RESPONSE][INTERCMD] SYNC 3871249
Enter Sniper receiveMessage
[INTERCMD] RECEIVE 1 1 3 3
[RESPONSE][INTERCMD] RESULT 1 .././buffer1_1_3_3
Open pipe file .././buffer1_1_3_3.
Read 80000 B from .././buffer1_1_3_3.
[INTERCMD] READ 3871391 1 1 3 3 80000 0
[RESPONSE][INTERCMD] SYNC 3873899
Enter Sniper receiveMessage
[INTERCMD] RECEIVE 1 2 3 3
[RESPONSE][INTERCMD] RESULT 1 .././buffer1_2_3_3
Open pipe file .././buffer1_2_3_3.
Read 80000 B from .././buffer1_2_3_3.
[INTERCMD] READ 3874053 1 2 3 3 80000 0
[RESPONSE][INTERCMD] SYNC 3876548
Enter Sniper receiveMessage
[INTERCMD] RECEIVE 2 0 3 3
[RESPONSE][INTERCMD] RESULT 1 .././buffer2_0_3_3
Open pipe file .././buffer2_0_3_3.
Read 80000 B from .././buffer2_0_3_3.
[INTERCMD] READ 3876714 2 0 3 3 80000 0
[RESPONSE][INTERCMD] SYNC 3879218
Enter Sniper receiveMessage
[INTERCMD] RECEIVE 2 1 3 3
[RESPONSE][INTERCMD] RESULT 1 .././buffer2_1_3_3
Open pipe file .././buffer2_1_3_3.
Read 80000 B from .././buffer2_1_3_3.
[INTERCMD] READ 3879372 2 1 3 3 80000 0
[RESPONSE][INTERCMD] SYNC 3881869
Enter Sniper receiveMessage
[INTERCMD] RECEIVE 2 2 3 3
[RESPONSE][INTERCMD] RESULT 1 .././buffer2_2_3_3
Open pipe file .././buffer2_2_3_3.
Read 80000 B from .././buffer2_2_3_3.
[INTERCMD] READ 3882033 2 2 3 3 80000 0
[RESPONSE][INTERCMD] SYNC 3884519
[TRACE:0] -- DONE --
[RECORD-TRACE] Using the Pin frontend (sift/recorder)
[SNIPER] Disabling performance models
[SNIPER] Leaving ROI after 40.72 seconds
[INTERCMD] CYCLE 3919786
[SNIPER] Simulated 7.0M instructions, 3.9M cycles, 1.77 IPC
[SNIPER] Simulation speed 170.8 KIPS (170.8 KIPS / target core - 5853.4ns/instr)
[SNIPER] Setting instrumentation mode to FAST_FORWARD
[SNIPER] End
[SNIPER] Elapsed time: 41.12 seconds
