Execution starts at 2024-9-11  15:43:33
CWD: /home/qc/Chiplet_Heterogeneous_newVersion/benchmark/matmul_changed/proc_r1_p2_t0
Exec:  /home/qc/Chiplet_Heterogeneous_newVersion/popnet_chiplet/build/popnet -A 9 -c 2 -V 3 -B 12 -O 12 -F 4 -L 1000 -T 10000000 -r 1 -I ../bench.txt -R 0 -D ../delayInfo.txt -P
****************configuration********************
ary size:9
cube dimension:2
virtual channel number:3
buffer size:12
outbuffer size:12
flit size:4
link length:1000
simulation length:1e+07
trace file:../bench.txt
Routing algorithm:0
****************configuration********************
Transaction count: 27
Direct Forward to cycle: 3.83585e+06 (3.83585e+06)
Direct Forward to cycle: 3.83767e+06 (537)
Direct Forward to cycle: 3.8392e+06 (251)
Direct Forward to cycle: 3.84053e+06 (52)
Direct Forward to cycle: 3.84186e+06 (57)
Direct Forward to cycle: 3.84319e+06 (56)
Direct Forward to cycle: 3.84454e+06 (82)
Direct Forward to cycle: 3.84585e+06 (32)
Direct Forward to cycle: 3.84718e+06 (55)
Direct Forward to cycle: 3.84851e+06 (58)
Direct Forward to cycle: 3.84984e+06 (60)
Direct Forward to cycle: 3.85117e+06 (62)
Direct Forward to cycle: 3.85251e+06 (70)
Direct Forward to cycle: 3.85383e+06 (53)
Direct Forward to cycle: 3.85516e+06 (61)
Direct Forward to cycle: 3.85649e+06 (63)
Direct Forward to cycle: 3.85782e+06 (65)
Direct Forward to cycle: 3.85915e+06 (68)
Direct Forward to cycle: 3.86204e+06 (1621)
Direct Forward to cycle: 3.8649e+06 (1579)
Direct Forward to cycle: 3.86756e+06 (1384)
Direct Forward to cycle: 3.87022e+06 (1390)
Direct Forward to cycle: 3.87288e+06 (1384)
Direct Forward to cycle: 3.87554e+06 (1388)
Direct Forward to cycle: 3.8782e+06 (1394)
Direct Forward to cycle: 3.88086e+06 (1390)
Direct Forward to cycle: 3.88352e+06 (1394)
**************************************************
total finished:       27
average Delay:        1270
total mem power:      0.057874
total crossbar power: 0.0043355
total arbiter power:  2.78367e-08
total link power:     0.00697502
total power:          0.0691846
**************************************************
